gyp info it worked if it ends with ok
gyp info using node-gyp@10.0.1
gyp info using node@21.7.3 | darwin | arm64
gyp info find Python using Python version 3.13.3 found at "/opt/homebrew/opt/python@3.13/bin/python3.13"

gyp WARN EACCES current user ("neelpatel") does not have permission to access the dev dir "/Users/neelpatel/Library/Caches/node-gyp/21.7.3"
gyp WARN EACCES attempting to reinstall using temporary dev dir "/var/folders/08/6vy86jtx2wq63hc2kwyr7lg40000gn/T/.node-gyp"

gyp http GET https://nodejs.org/download/release/v21.7.3/node-v21.7.3-headers.tar.gz
gyp http 200 https://nodejs.org/download/release/v21.7.3/node-v21.7.3-headers.tar.gz
gyp http GET https://nodejs.org/download/release/v21.7.3/SHASUMS256.txt
gyp http 200 https://nodejs.org/download/release/v21.7.3/SHASUMS256.txt
gyp info spawn /opt/homebrew/opt/python@3.13/bin/python3.13
gyp info spawn args [
gyp info spawn args '/Users/neelpatel/.nvm/versions/node/v21.7.3/lib/node_modules/npm/node_modules/node-gyp/gyp/gyp_main.py',
gyp info spawn args 'binding.gyp',
gyp info spawn args '-f',
gyp info spawn args 'make',
gyp info spawn args '-I',
gyp info spawn args '/Users/neelpatel/Documents/GitHub/Valentines26/node_modules/uws/build/config.gypi',
gyp info spawn args '-I',
gyp info spawn args '/Users/neelpatel/.nvm/versions/node/v21.7.3/lib/node_modules/npm/node_modules/node-gyp/addon.gypi',
gyp info spawn args '-I',
gyp info spawn args '/var/folders/08/6vy86jtx2wq63hc2kwyr7lg40000gn/T/.node-gyp/21.7.3/include/node/common.gypi',
gyp info spawn args '-Dlibrary=shared_library',
gyp info spawn args '-Dvisibility=default',
gyp info spawn args '-Dnode_root_dir=/var/folders/08/6vy86jtx2wq63hc2kwyr7lg40000gn/T/.node-gyp/21.7.3',
gyp info spawn args '-Dnode_gyp_dir=/Users/neelpatel/.nvm/versions/node/v21.7.3/lib/node_modules/npm/node_modules/node-gyp',
gyp info spawn args '-Dnode_lib_file=/var/folders/08/6vy86jtx2wq63hc2kwyr7lg40000gn/T/.node-gyp/21.7.3/<(target_arch)/node.lib',
gyp info spawn args '-Dmodule_root_dir=/Users/neelpatel/Documents/GitHub/Valentines26/node_modules/uws',
gyp info spawn args '-Dnode_engine=v8',
gyp info spawn args '--depth=.',
gyp info spawn args '--no-parallel',
gyp info spawn args '--generator-output',
gyp info spawn args 'build',
gyp info spawn args '-Goutput_dir=.'
gyp info spawn args ]
gyp info spawn make
gyp info spawn args [ 'BUILDTYPE=Release', '-C', 'build' ]
  CXX(target) Release/obj.target/uws/src/Extensions.o
  CXX(target) Release/obj.target/uws/src/Group.o
In file included from ../src/Group.cpp:1:
In file included from ../src/Group.h:4:
In file included from ../src/WebSocket.h:4:
In file included from ../src/WebSocketProtocol.h:5:
In file included from ../src/Networking.h:69:
In file included from ../src/Backend.h:9:
../src/Libuv.h:168:20: warning: cast from 'void (*)(Poll *)' to 'void (*)(Poll *, int, int)' converts to incompatible function type [-Wcast-function-type-mismatch]
  168 |         this->cb = (void(*)(Poll *, int, int)) cb;
      |                    ^~~~~~~~~~~~~~~~~~~~~~~~~~~~~~
../src/Libuv.h:171:34: warning: cast from 'void (*)(Poll *, int, int)' to 'void (*)(Poll *)' converts to incompatible function type [-Wcast-function-type-mismatch]
  171 |             void (*cb)(Poll *) = (void(*)(Poll *)) poll->cb;
      |                                  ^~~~~~~~~~~~~~~~~~~~~~~~~~
In file included from ../src/Group.cpp:1:
In file included from ../src/Group.h:5:
../src/HTTPSocket.h:207:63: warning: 'sprintf' is deprecated: This function is provided for compatibility reasons only.  Due to security concerns inherent in the design of sprintf(3), it is highly recommended that you use snprintf(3) instead. [-Wdeprecated-declarations]
  207 |                 int offset = transformData.hasHead ? 0 : std::sprintf(dst, "HTTP/1.1 200 OK\r\nContent-Length: %u\r\n\r\n", (unsigned int) length);
      |                                                               ^
/Applications/Xcode.app/Contents/Developer/Platforms/MacOSX.platform/Developer/SDKs/MacOSX.sdk/usr/include/_stdio.h:278:1: note: 'sprintf' has been explicitly marked deprecated here
  278 | __deprecated_msg("This function is provided for compatibility reasons only.  Due to security concerns inherent in the design of sprintf(3), it is highly recommended that you use snprintf(3) instead.")
      | ^
/Applications/Xcode.app/Contents/Developer/Platforms/MacOSX.platform/Developer/SDKs/MacOSX.sdk/usr/include/sys/cdefs.h:227:48: note: expanded from macro '__deprecated_msg'
  227 |         #define __deprecated_msg(_msg) __attribute__((__deprecated__(_msg)))
      |                                                       ^
3 warnings generated.
  CXX(target) Release/obj.target/uws/src/Networking.o
In file included from ../src/Networking.cpp:1:
In file included from ../src/Networking.h:69:
In file included from ../src/Backend.h:9:
../src/Libuv.h:168:20: warning: cast from 'void (*)(Poll *)' to 'void (*)(Poll *, int, int)' converts to incompatible function type [-Wcast-function-type-mismatch]
  168 |         this->cb = (void(*)(Poll *, int, int)) cb;
      |                    ^~~~~~~~~~~~~~~~~~~~~~~~~~~~~~
../src/Libuv.h:171:34: warning: cast from 'void (*)(Poll *, int, int)' to 'void (*)(Poll *)' converts to incompatible function type [-Wcast-function-type-mismatch]
  171 |             void (*cb)(Poll *) = (void(*)(Poll *)) poll->cb;
      |                                  ^~~~~~~~~~~~~~~~~~~~~~~~~~
2 warnings generated.
  CXX(target) Release/obj.target/uws/src/Hub.o
In file included from ../src/Hub.cpp:1:
In file included from ../src/Hub.h:4:
In file included from ../src/Group.h:4:
In file included from ../src/WebSocket.h:4:
In file included from ../src/WebSocketProtocol.h:5:
In file included from ../src/Networking.h:69:
In file included from ../src/Backend.h:9:
../src/Libuv.h:168:20: warning: cast from 'void (*)(Poll *)' to 'void (*)(Poll *, int, int)' converts to incompatible function type [-Wcast-function-type-mismatch]
  168 |         this->cb = (void(*)(Poll *, int, int)) cb;
      |                    ^~~~~~~~~~~~~~~~~~~~~~~~~~~~~~
../src/Libuv.h:171:34: warning: cast from 'void (*)(Poll *, int, int)' to 'void (*)(Poll *)' converts to incompatible function type [-Wcast-function-type-mismatch]
  171 |             void (*cb)(Poll *) = (void(*)(Poll *)) poll->cb;
      |                                  ^~~~~~~~~~~~~~~~~~~~~~~~~~
In file included from ../src/Hub.cpp:1:
In file included from ../src/Hub.h:4:
In file included from ../src/Group.h:5:
../src/HTTPSocket.h:207:63: warning: 'sprintf' is deprecated: This function is provided for compatibility reasons only.  Due to security concerns inherent in the design of sprintf(3), it is highly recommended that you use snprintf(3) instead. [-Wdeprecated-declarations]
  207 |                 int offset = transformData.hasHead ? 0 : std::sprintf(dst, "HTTP/1.1 200 OK\r\nContent-Length: %u\r\n\r\n", (unsigned int) length);
      |                                                               ^
/Applications/Xcode.app/Contents/Developer/Platforms/MacOSX.platform/Developer/SDKs/MacOSX.sdk/usr/include/_stdio.h:278:1: note: 'sprintf' has been explicitly marked deprecated here
  278 | __deprecated_msg("This function is provided for compatibility reasons only.  Due to security concerns inherent in the design of sprintf(3), it is highly recommended that you use snprintf(3) instead.")
      | ^
/Applications/Xcode.app/Contents/Developer/Platforms/MacOSX.platform/Developer/SDKs/MacOSX.sdk/usr/include/sys/cdefs.h:227:48: note: expanded from macro '__deprecated_msg'
  227 |         #define __deprecated_msg(_msg) __attribute__((__deprecated__(_msg)))
      |                                                       ^
3 warnings generated.
  CXX(target) Release/obj.target/uws/src/Node.o
In file included from ../src/Node.cpp:1:
In file included from ../src/Node.h:4:
In file included from ../src/Socket.h:4:
In file included from ../src/Networking.h:69:
In file included from ../src/Backend.h:9:
../src/Libuv.h:168:20: warning: cast from 'void (*)(Poll *)' to 'void (*)(Poll *, int, int)' converts to incompatible function type [-Wcast-function-type-mismatch]
  168 |         this->cb = (void(*)(Poll *, int, int)) cb;
      |                    ^~~~~~~~~~~~~~~~~~~~~~~~~~~~~~
../src/Libuv.h:171:34: warning: cast from 'void (*)(Poll *, int, int)' to 'void (*)(Poll *)' converts to incompatible function type [-Wcast-function-type-mismatch]
  171 |             void (*cb)(Poll *) = (void(*)(Poll *)) poll->cb;
      |                                  ^~~~~~~~~~~~~~~~~~~~~~~~~~
2 warnings generated.
  CXX(target) Release/obj.target/uws/src/WebSocket.o
In file included from ../src/WebSocket.cpp:1:
In file included from ../src/WebSocket.h:4:
In file included from ../src/WebSocketProtocol.h:5:
In file included from ../src/Networking.h:69:
In file included from ../src/Backend.h:9:
../src/Libuv.h:168:20: warning: cast from 'void (*)(Poll *)' to 'void (*)(Poll *, int, int)' converts to incompatible function type [-Wcast-function-type-mismatch]
  168 |         this->cb = (void(*)(Poll *, int, int)) cb;
      |                    ^~~~~~~~~~~~~~~~~~~~~~~~~~~~~~
../src/Libuv.h:171:34: warning: cast from 'void (*)(Poll *, int, int)' to 'void (*)(Poll *)' converts to incompatible function type [-Wcast-function-type-mismatch]
  171 |             void (*cb)(Poll *) = (void(*)(Poll *)) poll->cb;
      |                                  ^~~~~~~~~~~~~~~~~~~~~~~~~~
In file included from ../src/WebSocket.cpp:2:
In file included from ../src/Group.h:5:
../src/HTTPSocket.h:207:63: warning: 'sprintf' is deprecated: This function is provided for compatibility reasons only.  Due to security concerns inherent in the design of sprintf(3), it is highly recommended that you use snprintf(3) instead. [-Wdeprecated-declarations]
  207 |                 int offset = transformData.hasHead ? 0 : std::sprintf(dst, "HTTP/1.1 200 OK\r\nContent-Length: %u\r\n\r\n", (unsigned int) length);
      |                                                               ^
/Applications/Xcode.app/Contents/Developer/Platforms/MacOSX.platform/Developer/SDKs/MacOSX.sdk/usr/include/_stdio.h:278:1: note: 'sprintf' has been explicitly marked deprecated here
  278 | __deprecated_msg("This function is provided for compatibility reasons only.  Due to security concerns inherent in the design of sprintf(3), it is highly recommended that you use snprintf(3) instead.")
      | ^
/Applications/Xcode.app/Contents/Developer/Platforms/MacOSX.platform/Developer/SDKs/MacOSX.sdk/usr/include/sys/cdefs.h:227:48: note: expanded from macro '__deprecated_msg'
  227 |         #define __deprecated_msg(_msg) __attribute__((__deprecated__(_msg)))
      |                                                       ^
3 warnings generated.
  CXX(target) Release/obj.target/uws/src/HTTPSocket.o
In file included from ../src/HTTPSocket.cpp:1:
In file included from ../src/HTTPSocket.h:4:
In file included from ../src/Socket.h:4:
In file included from ../src/Networking.h:69:
In file included from ../src/Backend.h:9:
../src/Libuv.h:168:20: warning: cast from 'void (*)(Poll *)' to 'void (*)(Poll *, int, int)' converts to incompatible function type [-Wcast-function-type-mismatch]
  168 |         this->cb = (void(*)(Poll *, int, int)) cb;
      |                    ^~~~~~~~~~~~~~~~~~~~~~~~~~~~~~
../src/Libuv.h:171:34: warning: cast from 'void (*)(Poll *, int, int)' to 'void (*)(Poll *)' converts to incompatible function type [-Wcast-function-type-mismatch]
  171 |             void (*cb)(Poll *) = (void(*)(Poll *)) poll->cb;
      |                                  ^~~~~~~~~~~~~~~~~~~~~~~~~~
In file included from ../src/HTTPSocket.cpp:1:
../src/HTTPSocket.h:207:63: warning: 'sprintf' is deprecated: This function is provided for compatibility reasons only.  Due to security concerns inherent in the design of sprintf(3), it is highly recommended that you use snprintf(3) instead. [-Wdeprecated-declarations]
  207 |                 int offset = transformData.hasHead ? 0 : std::sprintf(dst, "HTTP/1.1 200 OK\r\nContent-Length: %u\r\n\r\n", (unsigned int) length);
      |                                                               ^
/Applications/Xcode.app/Contents/Developer/Platforms/MacOSX.platform/Developer/SDKs/MacOSX.sdk/usr/include/_stdio.h:278:1: note: 'sprintf' has been explicitly marked deprecated here
  278 | __deprecated_msg("This function is provided for compatibility reasons only.  Due to security concerns inherent in the design of sprintf(3), it is highly recommended that you use snprintf(3) instead.")
      | ^
/Applications/Xcode.app/Contents/Developer/Platforms/MacOSX.platform/Developer/SDKs/MacOSX.sdk/usr/include/sys/cdefs.h:227:48: note: expanded from macro '__deprecated_msg'
  227 |         #define __deprecated_msg(_msg) __attribute__((__deprecated__(_msg)))
      |                                                       ^
3 warnings generated.
  CXX(target) Release/obj.target/uws/src/Socket.o
In file included from ../src/Socket.cpp:1:
In file included from ../src/Socket.h:4:
In file included from ../src/Networking.h:69:
In file included from ../src/Backend.h:9:
../src/Libuv.h:168:20: warning: cast from 'void (*)(Poll *)' to 'void (*)(Poll *, int, int)' converts to incompatible function type [-Wcast-function-type-mismatch]
  168 |         this->cb = (void(*)(Poll *, int, int)) cb;
      |                    ^~~~~~~~~~~~~~~~~~~~~~~~~~~~~~
../src/Libuv.h:171:34: warning: cast from 'void (*)(Poll *, int, int)' to 'void (*)(Poll *)' converts to incompatible function type [-Wcast-function-type-mismatch]
  171 |             void (*cb)(Poll *) = (void(*)(Poll *)) poll->cb;
      |                                  ^~~~~~~~~~~~~~~~~~~~~~~~~~
2 warnings generated.
  CXX(target) Release/obj.target/uws/src/addon.o
In file included from ../src/addon.cpp:1:
In file included from ../src/../src/uWS.h:4:
In file included from ../src/../src/Hub.h:4:
In file included from ../src/../src/Group.h:4:
In file included from ../src/../src/WebSocket.h:4:
In file included from ../src/../src/WebSocketProtocol.h:5:
In file included from ../src/../src/Networking.h:69:
In file included from ../src/../src/Backend.h:9:
../src/../src/Libuv.h:168:20: warning: cast from 'void (*)(Poll *)' to 'void (*)(Poll *, int, int)' converts to incompatible function type [-Wcast-function-type-mismatch]
  168 |         this->cb = (void(*)(Poll *, int, int)) cb;
      |                    ^~~~~~~~~~~~~~~~~~~~~~~~~~~~~~
../src/../src/Libuv.h:171:34: warning: cast from 'void (*)(Poll *, int, int)' to 'void (*)(Poll *)' converts to incompatible function type [-Wcast-function-type-mismatch]
  171 |             void (*cb)(Poll *) = (void(*)(Poll *)) poll->cb;
      |                                  ^~~~~~~~~~~~~~~~~~~~~~~~~~
In file included from ../src/addon.cpp:1:
In file included from ../src/../src/uWS.h:4:
In file included from ../src/../src/Hub.h:4:
In file included from ../src/../src/Group.h:5:
../src/../src/HTTPSocket.h:207:63: warning: 'sprintf' is deprecated: This function is provided for compatibility reasons only.  Due to security concerns inherent in the design of sprintf(3), it is highly recommended that you use snprintf(3) instead. [-Wdeprecated-declarations]
  207 |                 int offset = transformData.hasHead ? 0 : std::sprintf(dst, "HTTP/1.1 200 OK\r\nContent-Length: %u\r\n\r\n", (unsigned int) length);
      |                                                               ^
/Applications/Xcode.app/Contents/Developer/Platforms/MacOSX.platform/Developer/SDKs/MacOSX.sdk/usr/include/_stdio.h:278:1: note: 'sprintf' has been explicitly marked deprecated here
  278 | __deprecated_msg("This function is provided for compatibility reasons only.  Due to security concerns inherent in the design of sprintf(3), it is highly recommended that you use snprintf(3) instead.")
      | ^
/Applications/Xcode.app/Contents/Developer/Platforms/MacOSX.platform/Developer/SDKs/MacOSX.sdk/usr/include/sys/cdefs.h:227:48: note: expanded from macro '__deprecated_msg'
  227 |         #define __deprecated_msg(_msg) __attribute__((__deprecated__(_msg)))
      |                                                       ^
In file included from ../src/addon.cpp:2:
In file included from ../src/addon.h:1:
In file included from /var/folders/08/6vy86jtx2wq63hc2kwyr7lg40000gn/T/.node-gyp/21.7.3/include/node/node.h:73:
In file included from /var/folders/08/6vy86jtx2wq63hc2kwyr7lg40000gn/T/.node-gyp/21.7.3/include/node/v8.h:24:
In file included from /var/folders/08/6vy86jtx2wq63hc2kwyr7lg40000gn/T/.node-gyp/21.7.3/include/node/v8-array-buffer.h:12:
In file included from /var/folders/08/6vy86jtx2wq63hc2kwyr7lg40000gn/T/.node-gyp/21.7.3/include/node/v8-local-handle.h:12:
In file included from /var/folders/08/6vy86jtx2wq63hc2kwyr7lg40000gn/T/.node-gyp/21.7.3/include/node/v8-handle-base.h:8:
/var/folders/08/6vy86jtx2wq63hc2kwyr7lg40000gn/T/.node-gyp/21.7.3/include/node/v8-internal.h:83:9: warning: variable declaration in a constexpr function is a C++14 extension [-Wc++14-extensions]
   83 |     int shift_bits = kSmiTagSize + kSmiShiftSize;
      |         ^
/var/folders/08/6vy86jtx2wq63hc2kwyr7lg40000gn/T/.node-gyp/21.7.3/include/node/v8-internal.h:108:9: warning: variable declaration in a constexpr function is a C++14 extension [-Wc++14-extensions]
  108 |     int shift_bits = kSmiTagSize + kSmiShiftSize;
      |         ^
/var/folders/08/6vy86jtx2wq63hc2kwyr7lg40000gn/T/.node-gyp/21.7.3/include/node/v8-internal.h:474:30: warning: 'static_assert' with no message is a C++17 extension [-Wc++17-extensions]
  474 | SHARED_EXTERNAL_POINTER_TAGS(CHECK_SHARED_EXTERNAL_POINTER_TAGS)
      |                              ^
/var/folders/08/6vy86jtx2wq63hc2kwyr7lg40000gn/T/.node-gyp/21.7.3/include/node/v8-internal.h:474:30: warning: 'static_assert' with no message is a C++17 extension [-Wc++17-extensions]
/var/folders/08/6vy86jtx2wq63hc2kwyr7lg40000gn/T/.node-gyp/21.7.3/include/node/v8-internal.h:474:30: warning: 'static_assert' with no message is a C++17 extension [-Wc++17-extensions]
/var/folders/08/6vy86jtx2wq63hc2kwyr7lg40000gn/T/.node-gyp/21.7.3/include/node/v8-internal.h:474:30: warning: 'static_assert' with no message is a C++17 extension [-Wc++17-extensions]
/var/folders/08/6vy86jtx2wq63hc2kwyr7lg40000gn/T/.node-gyp/21.7.3/include/node/v8-internal.h:474:30: warning: 'static_assert' with no message is a C++17 extension [-Wc++17-extensions]
/var/folders/08/6vy86jtx2wq63hc2kwyr7lg40000gn/T/.node-gyp/21.7.3/include/node/v8-internal.h:475:35: warning: 'static_assert' with no message is a C++17 extension [-Wc++17-extensions]
  475 | PER_ISOLATE_EXTERNAL_POINTER_TAGS(CHECK_NON_SHARED_EXTERNAL_POINTER_TAGS)
      |                                   ^
/var/folders/08/6vy86jtx2wq63hc2kwyr7lg40000gn/T/.node-gyp/21.7.3/include/node/v8-internal.h:475:35: warning: 'static_assert' with no message is a C++17 extension [-Wc++17-extensions]
/var/folders/08/6vy86jtx2wq63hc2kwyr7lg40000gn/T/.node-gyp/21.7.3/include/node/v8-internal.h:475:35: warning: 'static_assert' with no message is a C++17 extension [-Wc++17-extensions]
/var/folders/08/6vy86jtx2wq63hc2kwyr7lg40000gn/T/.node-gyp/21.7.3/include/node/v8-internal.h:475:35: warning: 'static_assert' with no message is a C++17 extension [-Wc++17-extensions]
/var/folders/08/6vy86jtx2wq63hc2kwyr7lg40000gn/T/.node-gyp/21.7.3/include/node/v8-internal.h:475:35: warning: 'static_assert' with no message is a C++17 extension [-Wc++17-extensions]
/var/folders/08/6vy86jtx2wq63hc2kwyr7lg40000gn/T/.node-gyp/21.7.3/include/node/v8-internal.h:475:35: warning: 'static_assert' with no message is a C++17 extension [-Wc++17-extensions]
/var/folders/08/6vy86jtx2wq63hc2kwyr7lg40000gn/T/.node-gyp/21.7.3/include/node/v8-internal.h:475:35: warning: 'static_assert' with no message is a C++17 extension [-Wc++17-extensions]
/var/folders/08/6vy86jtx2wq63hc2kwyr7lg40000gn/T/.node-gyp/21.7.3/include/node/v8-internal.h:475:35: warning: 'static_assert' with no message is a C++17 extension [-Wc++17-extensions]
/var/folders/08/6vy86jtx2wq63hc2kwyr7lg40000gn/T/.node-gyp/21.7.3/include/node/v8-internal.h:475:35: warning: 'static_assert' with no message is a C++17 extension [-Wc++17-extensions]
/var/folders/08/6vy86jtx2wq63hc2kwyr7lg40000gn/T/.node-gyp/21.7.3/include/node/v8-internal.h:475:35: warning: 'static_assert' with no message is a C++17 extension [-Wc++17-extensions]
/var/folders/08/6vy86jtx2wq63hc2kwyr7lg40000gn/T/.node-gyp/21.7.3/include/node/v8-internal.h:475:35: warning: 'static_assert' with no message is a C++17 extension [-Wc++17-extensions]
/var/folders/08/6vy86jtx2wq63hc2kwyr7lg40000gn/T/.node-gyp/21.7.3/include/node/v8-internal.h:475:35: warning: 'static_assert' with no message is a C++17 extension [-Wc++17-extensions]
/var/folders/08/6vy86jtx2wq63hc2kwyr7lg40000gn/T/.node-gyp/21.7.3/include/node/v8-internal.h:475:35: warning: 'static_assert' with no message is a C++17 extension [-Wc++17-extensions]
/var/folders/08/6vy86jtx2wq63hc2kwyr7lg40000gn/T/.node-gyp/21.7.3/include/node/v8-internal.h:776:61: warning: 'static_assert' with no message is a C++17 extension [-Wc++17-extensions]
  776 |     static_assert(kJSObjectType + 1 == kFirstJSApiObjectType);
      |                                                             ^
      |                                                             , ""
/var/folders/08/6vy86jtx2wq63hc2kwyr7lg40000gn/T/.node-gyp/21.7.3/include/node/v8-internal.h:777:55: warning: 'static_assert' with no message is a C++17 extension [-Wc++17-extensions]
  777 |     static_assert(kJSObjectType < kLastJSApiObjectType);
      |                                                       ^
      |                                                       , ""
/var/folders/08/6vy86jtx2wq63hc2kwyr7lg40000gn/T/.node-gyp/21.7.3/include/node/v8-internal.h:778:63: warning: 'static_assert' with no message is a C++17 extension [-Wc++17-extensions]
  778 |     static_assert(kFirstJSApiObjectType < kLastJSApiObjectType);
      |                                                               ^
      |                                                               , ""
/var/folders/08/6vy86jtx2wq63hc2kwyr7lg40000gn/T/.node-gyp/21.7.3/include/node/v8-internal.h:976:50: error: 'T' does not refer to a value
  976 |             !std::is_same<Data, std::remove_cv_t<T>>::value>::Perform(data);
      |                                                  ^
/var/folders/08/6vy86jtx2wq63hc2kwyr7lg40000gn/T/.node-gyp/21.7.3/include/node/v8-internal.h:973:17: note: declared here
  973 | template <class T>
      |                 ^
/var/folders/08/6vy86jtx2wq63hc2kwyr7lg40000gn/T/.node-gyp/21.7.3/include/node/v8-internal.h:976:38: error: no member named 'remove_cv_t' in namespace 'std'
  976 |             !std::is_same<Data, std::remove_cv_t<T>>::value>::Perform(data);
      |                                 ~~~~~^
/var/folders/08/6vy86jtx2wq63hc2kwyr7lg40000gn/T/.node-gyp/21.7.3/include/node/v8-internal.h:976:52: error: expected '(' for function-style cast or type construction
  976 |             !std::is_same<Data, std::remove_cv_t<T>>::value>::Perform(data);
      |              ~~~~~~~~~~~~~~~~~~~~~~~~~~~~~~~~~~~~~~^
/var/folders/08/6vy86jtx2wq63hc2kwyr7lg40000gn/T/.node-gyp/21.7.3/include/node/v8-internal.h:976:63: error: no member named 'Perform' in the global namespace
  976 |             !std::is_same<Data, std::remove_cv_t<T>>::value>::Perform(data);
      |                                                             ~~^
In file included from ../src/addon.cpp:2:
In file included from ../src/addon.h:1:
In file included from /var/folders/08/6vy86jtx2wq63hc2kwyr7lg40000gn/T/.node-gyp/21.7.3/include/node/node.h:73:
In file included from /var/folders/08/6vy86jtx2wq63hc2kwyr7lg40000gn/T/.node-gyp/21.7.3/include/node/v8.h:24:
In file included from /var/folders/08/6vy86jtx2wq63hc2kwyr7lg40000gn/T/.node-gyp/21.7.3/include/node/v8-array-buffer.h:12:
In file included from /var/folders/08/6vy86jtx2wq63hc2kwyr7lg40000gn/T/.node-gyp/21.7.3/include/node/v8-local-handle.h:12:
/var/folders/08/6vy86jtx2wq63hc2kwyr7lg40000gn/T/.node-gyp/21.7.3/include/node/v8-handle-base.h:34:51: warning: template template parameter using 'typename' is a C++17 extension [-Wc++17-extensions]
   34 |   template <template <typename T, typename... Ms> typename H, typename T,
      |                                                   ^~~~~~~~
      |                                                   class
In file included from ../src/addon.cpp:2:
In file included from ../src/addon.h:1:
In file included from /var/folders/08/6vy86jtx2wq63hc2kwyr7lg40000gn/T/.node-gyp/21.7.3/include/node/node.h:73:
In file included from /var/folders/08/6vy86jtx2wq63hc2kwyr7lg40000gn/T/.node-gyp/21.7.3/include/node/v8.h:24:
In file included from /var/folders/08/6vy86jtx2wq63hc2kwyr7lg40000gn/T/.node-gyp/21.7.3/include/node/v8-array-buffer.h:13:
In file included from /var/folders/08/6vy86jtx2wq63hc2kwyr7lg40000gn/T/.node-gyp/21.7.3/include/node/v8-object.h:9:
/var/folders/08/6vy86jtx2wq63hc2kwyr7lg40000gn/T/.node-gyp/21.7.3/include/node/v8-maybe.h:106:27: error: no template named 'enable_if_t' in namespace 'std'
  106 |   template <class U, std::enable_if_t<!std::is_lvalue_reference_v<U>>*>
      |                      ~~~~~^
/var/folders/08/6vy86jtx2wq63hc2kwyr7lg40000gn/T/.node-gyp/21.7.3/include/node/v8-maybe.h:106:45: error: no template named 'is_lvalue_reference_v' in namespace 'std'; did you mean 'is_lvalue_reference'?
  106 |   template <class U, std::enable_if_t<!std::is_lvalue_reference_v<U>>*>
      |                                        ~~~~~^~~~~~~~~~~~~~~~~~~~~
      |                                             is_lvalue_reference
/Applications/Xcode.app/Contents/Developer/Platforms/MacOSX.platform/Developer/SDKs/MacOSX.sdk/usr/include/c++/v1/__type_traits/is_reference.h:32:56: note: 'is_lvalue_reference' declared here
   32 | struct _LIBCPP_TEMPLATE_VIS _LIBCPP_NO_SPECIALIZATIONS is_lvalue_reference : _BoolConstant<__is_lvalue_reference(_Tp)> {
      |                                                        ^
In file included from ../src/addon.cpp:2:
In file included from ../src/addon.h:1:
In file included from /var/folders/08/6vy86jtx2wq63hc2kwyr7lg40000gn/T/.node-gyp/21.7.3/include/node/node.h:73:
In file included from /var/folders/08/6vy86jtx2wq63hc2kwyr7lg40000gn/T/.node-gyp/21.7.3/include/node/v8.h:24:
In file included from /var/folders/08/6vy86jtx2wq63hc2kwyr7lg40000gn/T/.node-gyp/21.7.3/include/node/v8-array-buffer.h:13:
In file included from /var/folders/08/6vy86jtx2wq63hc2kwyr7lg40000gn/T/.node-gyp/21.7.3/include/node/v8-object.h:9:
/var/folders/08/6vy86jtx2wq63hc2kwyr7lg40000gn/T/.node-gyp/21.7.3/include/node/v8-maybe.h:106:69: error: expected '(' for function-style cast or type construction
  106 |   template <class U, std::enable_if_t<!std::is_lvalue_reference_v<U>>*>
      |                                        ~~~~~~~~~~~~~~~~~~~~~~~~~~~~~^
/var/folders/08/6vy86jtx2wq63hc2kwyr7lg40000gn/T/.node-gyp/21.7.3/include/node/v8-maybe.h:123:25: error: no template named 'enable_if_t' in namespace 'std'
  123 | template <class T, std::enable_if_t<!std::is_lvalue_reference_v<T>>* = nullptr>
      |                    ~~~~~^
/var/folders/08/6vy86jtx2wq63hc2kwyr7lg40000gn/T/.node-gyp/21.7.3/include/node/v8-maybe.h:123:43: error: no template named 'is_lvalue_reference_v' in namespace 'std'; did you mean 'is_lvalue_reference'?
  123 | template <class T, std::enable_if_t<!std::is_lvalue_reference_v<T>>* = nullptr>
      |                                      ~~~~~^~~~~~~~~~~~~~~~~~~~~
      |                                           is_lvalue_reference
/Applications/Xcode.app/Contents/Developer/Platforms/MacOSX.platform/Developer/SDKs/MacOSX.sdk/usr/include/c++/v1/__type_traits/is_reference.h:32:56: note: 'is_lvalue_reference' declared here
   32 | struct _LIBCPP_TEMPLATE_VIS _LIBCPP_NO_SPECIALIZATIONS is_lvalue_reference : _BoolConstant<__is_lvalue_reference(_Tp)> {
      |                                                        ^
In file included from ../src/addon.cpp:2:
In file included from ../src/addon.h:1:
In file included from /var/folders/08/6vy86jtx2wq63hc2kwyr7lg40000gn/T/.node-gyp/21.7.3/include/node/node.h:73:
In file included from /var/folders/08/6vy86jtx2wq63hc2kwyr7lg40000gn/T/.node-gyp/21.7.3/include/node/v8.h:24:
In file included from /var/folders/08/6vy86jtx2wq63hc2kwyr7lg40000gn/T/.node-gyp/21.7.3/include/node/v8-array-buffer.h:13:
In file included from /var/folders/08/6vy86jtx2wq63hc2kwyr7lg40000gn/T/.node-gyp/21.7.3/include/node/v8-object.h:9:
/var/folders/08/6vy86jtx2wq63hc2kwyr7lg40000gn/T/.node-gyp/21.7.3/include/node/v8-maybe.h:123:67: error: expected '(' for function-style cast or type construction
  123 | template <class T, std::enable_if_t<!std::is_lvalue_reference_v<T>>* = nullptr>
      |                                      ~~~~~~~~~~~~~~~~~~~~~~~~~~~~~^
In file included from ../src/addon.cpp:2:
In file included from ../src/addon.h:1:
In file included from /var/folders/08/6vy86jtx2wq63hc2kwyr7lg40000gn/T/.node-gyp/21.7.3/include/node/node.h:73:
In file included from /var/folders/08/6vy86jtx2wq63hc2kwyr7lg40000gn/T/.node-gyp/21.7.3/include/node/v8.h:33:
In file included from /var/folders/08/6vy86jtx2wq63hc2kwyr7lg40000gn/T/.node-gyp/21.7.3/include/node/v8-function.h:11:
/var/folders/08/6vy86jtx2wq63hc2kwyr7lg40000gn/T/.node-gyp/21.7.3/include/node/v8-function-callback.h:150:50: warning: 'static_assert' with no message is a C++17 extension [-Wc++17-extensions]
  150 |                 kIsolateIndex - kReturnValueIndex);
      |                                                  ^
      |                                                  , ""
In file included from ../src/addon.cpp:2:
In file included from ../src/addon.h:1:
/var/folders/08/6vy86jtx2wq63hc2kwyr7lg40000gn/T/.node-gyp/21.7.3/include/node/node.h:687:8: error: no template named 'optional' in namespace 'std'
  687 |   std::optional<std::string> builder_script_path;
      |   ~~~~~^
In file included from ../src/addon.cpp:2:
../src/addon.h:21:15: warning: 'MakeCallback' is deprecated: Use MakeCallback(..., async_context) [-Wdeprecated-declarations]
   21 |         node::MakeCallback(isolate, isolate->GetCurrentContext()->Global(), Local<Function>::New(isolate, noop), 0, nullptr);
      |               ^
/var/folders/08/6vy86jtx2wq63hc2kwyr7lg40000gn/T/.node-gyp/21.7.3/include/node/node.h:198:1: note: 'MakeCallback' has been explicitly marked deprecated here
  198 | NODE_DEPRECATED("Use MakeCallback(..., async_context)",
      | ^
/var/folders/08/6vy86jtx2wq63hc2kwyr7lg40000gn/T/.node-gyp/21.7.3/include/node/node.h:116:20: note: expanded from macro 'NODE_DEPRECATED'
  116 |     __attribute__((deprecated(message))) declarator
      |                    ^
In file included from ../src/addon.cpp:2:
../src/addon.h:37:47: error: no matching constructor for initialization of 'String::Utf8Value'
   37 |             utf8Value = new (utf8ValueMemory) String::Utf8Value(value);
      |                                               ^                 ~~~~~
/var/folders/08/6vy86jtx2wq63hc2kwyr7lg40000gn/T/.node-gyp/21.7.3/include/node/v8-primitive.h:520:5: note: candidate constructor not viable: no known conversion from 'const Local<Value>' to 'const Utf8Value' for 1st argument
  520 |     Utf8Value(const Utf8Value&) = delete;
      |     ^         ~~~~~~~~~~~~~~~~
/var/folders/08/6vy86jtx2wq63hc2kwyr7lg40000gn/T/.node-gyp/21.7.3/include/node/v8-primitive.h:513:5: note: candidate constructor not viable: requires 2 arguments, but 1 was provided
  513 |     Utf8Value(Isolate* isolate, Local<v8::Value> obj);
      |     ^         ~~~~~~~~~~~~~~~~~~~~~~~~~~~~~~~~~~~~~~
In file included from ../src/addon.cpp:2:
../src/addon.h:45:13: error: no type named 'Contents' in 'v8::ArrayBuffer'; did you mean 'Context'?
   45 |             ArrayBuffer::Contents contents = arrayBufferView->Buffer()->GetContents();
      |             ^~~~~~~~~~~~~~~~~~~~~
      |             Context
/var/folders/08/6vy86jtx2wq63hc2kwyr7lg40000gn/T/.node-gyp/21.7.3/include/node/v8-regexp.h:15:7: note: 'Context' declared here
   15 | class Context;
      |       ^
In file included from ../src/addon.cpp:2:
../src/addon.h:45:73: error: no member named 'GetContents' in 'v8::ArrayBuffer'
   45 |             ArrayBuffer::Contents contents = arrayBufferView->Buffer()->GetContents();
      |                                              ~~~~~~~~~~~~~~~~~~~~~~~~~~~^
../src/addon.h:50:13: error: no type named 'Contents' in 'v8::ArrayBuffer'; did you mean 'Context'?
   50 |             ArrayBuffer::Contents contents = arrayBuffer->GetContents();
      |             ^~~~~~~~~~~~~~~~~~~~~
      |             Context
/var/folders/08/6vy86jtx2wq63hc2kwyr7lg40000gn/T/.node-gyp/21.7.3/include/node/v8-regexp.h:15:7: note: 'Context' declared here
   15 | class Context;
      |       ^
In file included from ../src/addon.cpp:2:
../src/addon.h:50:59: error: no member named 'GetContents' in 'v8::ArrayBuffer'
   50 |             ArrayBuffer::Contents contents = arrayBuffer->GetContents();
      |                                              ~~~~~~~~~~~~~^
../src/addon.h:79:83: error: too few arguments to function call, single argument 'context' was not specified
   79 |     uWS::Group<isServer> *group = hub.createGroup<isServer>(args[0]->IntegerValue(), args[1]->IntegerValue());
      |                                                             ~~~~~~~~~~~~~~~~~~~~~ ^
/var/folders/08/6vy86jtx2wq63hc2kwyr7lg40000gn/T/.node-gyp/21.7.3/include/node/v8-value.h:437:40: note: 'IntegerValue' declared here
  437 |   V8_WARN_UNUSED_RESULT Maybe<int64_t> IntegerValue(
      |                                        ^
  438 |       Local<Context> context) const;
      |       ~~~~~~~~~~~~~~~~~~~~~~
In file included from ../src/addon.cpp:2:
../src/addon.h:79:108: error: too few arguments to function call, single argument 'context' was not specified
   79 |     uWS::Group<isServer> *group = hub.createGroup<isServer>(args[0]->IntegerValue(), args[1]->IntegerValue());
      |                                                                                      ~~~~~~~~~~~~~~~~~~~~~ ^
/var/folders/08/6vy86jtx2wq63hc2kwyr7lg40000gn/T/.node-gyp/21.7.3/include/node/v8-value.h:437:40: note: 'IntegerValue' declared here
  437 |   V8_WARN_UNUSED_RESULT Maybe<int64_t> IntegerValue(
      |                                        ^
  438 |       Local<Context> context) const;
      |       ~~~~~~~~~~~~~~~~~~~~~~
In file included from ../src/addon.cpp:2:
../src/addon.h:102:59: error: no matching function for call to 'New'
  102 |     return opCode == uWS::OpCode::BINARY ? (Local<Value>) ArrayBuffer::New(isolate, (char *) message, length) : (Local<Value>) String::NewFromUtf8(isolate, message, String::kNormalString, length);
      |                                                           ^~~~~~~~~~~~~~~~
/var/folders/08/6vy86jtx2wq63hc2kwyr7lg40000gn/T/.node-gyp/21.7.3/include/node/v8-array-buffer.h:219:29: note: candidate function not viable: requires 2 arguments, but 3 were provided
  219 |   static Local<ArrayBuffer> New(Isolate* isolate, size_t byte_length);
      |                             ^   ~~~~~~~~~~~~~~~~~~~~~~~~~~~~~~~~~~~~
/var/folders/08/6vy86jtx2wq63hc2kwyr7lg40000gn/T/.node-gyp/21.7.3/include/node/v8-array-buffer.h:233:29: note: candidate function not viable: requires 2 arguments, but 3 were provided
  233 |   static Local<ArrayBuffer> New(Isolate* isolate,
      |                             ^   ~~~~~~~~~~~~~~~~~
  234 |                                 std::shared_ptr<BackingStore> backing_store);
      |                                 ~~~~~~~~~~~~~~~~~~~~~~~~~~~~~~~~~~~~~~~~~~~
fatal error: too many errors emitted, stopping now [-ferror-limit=]
29 warnings and 20 errors generated.
make: *** [Release/obj.target/uws/src/addon.o] Error 1
gyp ERR! build error 
gyp ERR! stack Error: `make` failed with exit code: 2
gyp ERR! stack at ChildProcess.<anonymous> (/Users/neelpatel/.nvm/versions/node/v21.7.3/lib/node_modules/npm/node_modules/node-gyp/lib/build.js:209:23)
gyp ERR! System Darwin 25.1.0
gyp ERR! command "/Users/neelpatel/.nvm/versions/node/v21.7.3/bin/node" "/Users/neelpatel/.nvm/versions/node/v21.7.3/lib/node_modules/npm/node_modules/node-gyp/bin/node-gyp.js" "rebuild"
gyp ERR! cwd /Users/neelpatel/Documents/GitHub/Valentines26/node_modules/uws
gyp ERR! node -v v21.7.3
gyp ERR! node-gyp -v v10.0.1
gyp ERR! not ok 
